<?xml version="1.0" encoding="UTF-8"?>
<coverage generated="1549381632854" clover="3.2.0">
  <project timestamp="1549381632854" name="All files">
    <metrics statements="22" coveredstatements="4" conditionals="2" coveredconditionals="0" methods="11" coveredmethods="0" elements="35" coveredelements="4" complexity="0" loc="22" ncloc="22" packages="1" files="1" classes="1"/>
    <file name="auth.js" path="/home/laboratoriad309/Documentos/SCL007-Social-Network/src/js/auth.js">
      <metrics statements="22" coveredstatements="4" conditionals="2" coveredconditionals="0" methods="11" coveredmethods="0"/>
      <line num="1" count="1" type="stmt"/>
      <line num="2" count="0" type="stmt"/>
      <line num="3" count="0" type="cond" truecount="0" falsecount="2"/>
      <line num="4" count="0" type="stmt"/>
      <line num="6" count="0" type="stmt"/>
      <line num="8" count="0" type="stmt"/>
      <line num="9" count="0" type="stmt"/>
      <line num="14" count="1" type="stmt"/>
      <line num="15" count="0" type="stmt"/>
      <line num="17" count="0" type="stmt"/>
      <line num="19" count="0" type="stmt"/>
      <line num="24" count="1" type="stmt"/>
      <line num="25" count="0" type="stmt"/>
      <line num="33" count="1" type="stmt"/>
      <line num="34" count="0" type="stmt"/>
      <line num="35" count="0" type="stmt"/>
      <line num="37" count="0" type="stmt"/>
      <line num="39" count="0" type="stmt"/>
      <line num="43" count="0" type="stmt"/>
      <line num="44" count="0" type="stmt"/>
      <line num="46" count="0" type="stmt"/>
      <line num="48" count="0" type="stmt"/>
    </file>
  </project>
</coverage>
