{"/home/laboratoriad309/Documentos/SCL007-Social-Network/src/js/auth.js": {"path":"/home/laboratoriad309/Documentos/SCL007-Social-Network/src/js/auth.js","statementMap":{"0":{"start":{"line":1,"column":30},"end":{"line":11,"column":1}},"1":{"start":{"line":2,"column":4},"end":{"line":10,"column":6}},"2":{"start":{"line":3,"column":8},"end":{"line":9,"column":9}},"3":{"start":{"line":4,"column":12},"end":{"line":4,"column":79}},"4":{"start":{"line":5,"column":12},"end":{"line":5,"column":34}},"5":{"start":{"line":7,"column":12},"end":{"line":7,"column":43}},"6":{"start":{"line":8,"column":12},"end":{"line":8,"column":26}},"7":{"start":{"line":12,"column":28},"end":{"line":18,"column":1}},"8":{"start":{"line":13,"column":4},"end":{"line":17,"column":90}},"9":{"start":{"line":15,"column":12},"end":{"line":15,"column":24}},"10":{"start":{"line":17,"column":24},"end":{"line":17,"column":89}},"11":{"start":{"line":19,"column":34},"end":{"line":22,"column":1}},"12":{"start":{"line":20,"column":4},"end":{"line":21,"column":90}},"13":{"start":{"line":21,"column":24},"end":{"line":21,"column":89}},"14":{"start":{"line":23,"column":23},"end":{"line":30,"column":1}},"15":{"start":{"line":24,"column":4},"end":{"line":29,"column":11}},"16":{"start":{"line":32,"column":26},"end":{"line":51,"column":1}},"17":{"start":{"line":33,"column":19},"end":{"line":33,"column":57}},"18":{"start":{"line":34,"column":4},"end":{"line":49,"column":7}},"19":{"start":{"line":36,"column":20},"end":{"line":36,"column":49}},"20":{"start":{"line":38,"column":19},"end":{"line":38,"column":30}},"21":{"start":{"line":42,"column":24},"end":{"line":42,"column":34}},"22":{"start":{"line":43,"column":27},"end":{"line":43,"column":40}},"23":{"start":{"line":45,"column":20},"end":{"line":45,"column":31}},"24":{"start":{"line":47,"column":25},"end":{"line":47,"column":41}},"25":{"start":{"line":52,"column":29},"end":{"line":70,"column":1}},"26":{"start":{"line":53,"column":19},"end":{"line":53,"column":59}},"27":{"start":{"line":54,"column":4},"end":{"line":69,"column":7}},"28":{"start":{"line":56,"column":20},"end":{"line":56,"column":49}},"29":{"start":{"line":58,"column":19},"end":{"line":58,"column":30}},"30":{"start":{"line":62,"column":24},"end":{"line":62,"column":34}},"31":{"start":{"line":63,"column":27},"end":{"line":63,"column":40}},"32":{"start":{"line":65,"column":20},"end":{"line":65,"column":31}},"33":{"start":{"line":67,"column":25},"end":{"line":67,"column":41}},"34":{"start":{"line":71,"column":28},"end":{"line":91,"column":1}},"35":{"start":{"line":72,"column":19},"end":{"line":72,"column":58}},"36":{"start":{"line":73,"column":4},"end":{"line":90,"column":7}},"37":{"start":{"line":76,"column":20},"end":{"line":76,"column":49}},"38":{"start":{"line":77,"column":21},"end":{"line":77,"column":45}},"39":{"start":{"line":79,"column":19},"end":{"line":79,"column":30}},"40":{"start":{"line":83,"column":24},"end":{"line":83,"column":34}},"41":{"start":{"line":84,"column":27},"end":{"line":84,"column":40}},"42":{"start":{"line":86,"column":20},"end":{"line":86,"column":31}},"43":{"start":{"line":88,"column":25},"end":{"line":88,"column":41}},"44":{"start":{"line":94,"column":4},"end":{"line":101,"column":10}},"45":{"start":{"line":97,"column":12},"end":{"line":97,"column":90}},"46":{"start":{"line":100,"column":12},"end":{"line":100,"column":73}}},"fnMap":{"0":{"name":"(anonymous_0)","decl":{"start":{"line":1,"column":30},"end":{"line":1,"column":31}},"loc":{"start":{"line":1,"column":44},"end":{"line":11,"column":1}},"line":1},"1":{"name":"(anonymous_1)","decl":{"start":{"line":2,"column":39},"end":{"line":2,"column":40}},"loc":{"start":{"line":2,"column":57},"end":{"line":10,"column":5}},"line":2},"2":{"name":"(anonymous_2)","decl":{"start":{"line":12,"column":28},"end":{"line":12,"column":29}},"loc":{"start":{"line":12,"column":49},"end":{"line":18,"column":1}},"line":12},"3":{"name":"(anonymous_3)","decl":{"start":{"line":14,"column":14},"end":{"line":14,"column":15}},"loc":{"start":{"line":14,"column":26},"end":{"line":16,"column":9}},"line":14},"4":{"name":"(anonymous_4)","decl":{"start":{"line":17,"column":15},"end":{"line":17,"column":16}},"loc":{"start":{"line":17,"column":24},"end":{"line":17,"column":89}},"line":17},"5":{"name":"(anonymous_5)","decl":{"start":{"line":19,"column":34},"end":{"line":19,"column":35}},"loc":{"start":{"line":19,"column":55},"end":{"line":22,"column":1}},"line":19},"6":{"name":"(anonymous_6)","decl":{"start":{"line":21,"column":15},"end":{"line":21,"column":16}},"loc":{"start":{"line":21,"column":24},"end":{"line":21,"column":89}},"line":21},"7":{"name":"(anonymous_7)","decl":{"start":{"line":23,"column":23},"end":{"line":23,"column":24}},"loc":{"start":{"line":23,"column":29},"end":{"line":30,"column":1}},"line":23},"8":{"name":"(anonymous_8)","decl":{"start":{"line":24,"column":35},"end":{"line":24,"column":36}},"loc":{"start":{"line":24,"column":47},"end":{"line":26,"column":9}},"line":24},"9":{"name":"(anonymous_9)","decl":{"start":{"line":27,"column":15},"end":{"line":27,"column":16}},"loc":{"start":{"line":27,"column":32},"end":{"line":29,"column":9}},"line":27},"10":{"name":"(anonymous_10)","decl":{"start":{"line":32,"column":26},"end":{"line":32,"column":27}},"loc":{"start":{"line":32,"column":32},"end":{"line":51,"column":1}},"line":32},"11":{"name":"(anonymous_11)","decl":{"start":{"line":34,"column":51},"end":{"line":34,"column":52}},"loc":{"start":{"line":34,"column":69},"end":{"line":40,"column":5}},"line":34},"12":{"name":"(anonymous_12)","decl":{"start":{"line":40,"column":13},"end":{"line":40,"column":14}},"loc":{"start":{"line":40,"column":30},"end":{"line":49,"column":5}},"line":40},"13":{"name":"(anonymous_13)","decl":{"start":{"line":52,"column":29},"end":{"line":52,"column":30}},"loc":{"start":{"line":52,"column":35},"end":{"line":70,"column":1}},"line":52},"14":{"name":"(anonymous_14)","decl":{"start":{"line":54,"column":51},"end":{"line":54,"column":52}},"loc":{"start":{"line":54,"column":69},"end":{"line":60,"column":5}},"line":54},"15":{"name":"(anonymous_15)","decl":{"start":{"line":60,"column":13},"end":{"line":60,"column":14}},"loc":{"start":{"line":60,"column":30},"end":{"line":69,"column":5}},"line":60},"16":{"name":"(anonymous_16)","decl":{"start":{"line":71,"column":28},"end":{"line":71,"column":29}},"loc":{"start":{"line":71,"column":34},"end":{"line":91,"column":1}},"line":71},"17":{"name":"(anonymous_17)","decl":{"start":{"line":73,"column":51},"end":{"line":73,"column":52}},"loc":{"start":{"line":73,"column":69},"end":{"line":81,"column":5}},"line":73},"18":{"name":"(anonymous_18)","decl":{"start":{"line":81,"column":13},"end":{"line":81,"column":14}},"loc":{"start":{"line":81,"column":30},"end":{"line":90,"column":5}},"line":81},"19":{"name":"checkEmail","decl":{"start":{"line":93,"column":9},"end":{"line":93,"column":19}},"loc":{"start":{"line":93,"column":22},"end":{"line":102,"column":1}},"line":93},"20":{"name":"(anonymous_20)","decl":{"start":{"line":95,"column":14},"end":{"line":95,"column":15}},"loc":{"start":{"line":95,"column":26},"end":{"line":98,"column":9}},"line":95},"21":{"name":"(anonymous_21)","decl":{"start":{"line":99,"column":15},"end":{"line":99,"column":16}},"loc":{"start":{"line":99,"column":24},"end":{"line":101,"column":9}},"line":99}},"branchMap":{"0":{"loc":{"start":{"line":3,"column":8},"end":{"line":9,"column":9}},"type":"if","locations":[{"start":{"line":3,"column":8},"end":{"line":9,"column":9}},{"start":{"line":3,"column":8},"end":{"line":9,"column":9}}],"line":3}},"s":{"0":1,"1":0,"2":0,"3":0,"4":0,"5":0,"6":0,"7":1,"8":1,"9":0,"10":0,"11":1,"12":0,"13":0,"14":1,"15":0,"16":1,"17":0,"18":0,"19":0,"20":0,"21":0,"22":0,"23":0,"24":0,"25":1,"26":0,"27":0,"28":0,"29":0,"30":0,"31":0,"32":0,"33":0,"34":1,"35":0,"36":0,"37":0,"38":0,"39":0,"40":0,"41":0,"42":0,"43":0,"44":0,"45":0,"46":0},"f":{"0":0,"1":0,"2":1,"3":0,"4":0,"5":0,"6":0,"7":0,"8":0,"9":0,"10":0,"11":0,"12":0,"13":0,"14":0,"15":0,"16":0,"17":0,"18":0,"19":0,"20":0,"21":0},"b":{"0":[0,0]},"_coverageSchema":"43e27e138ebf9cfc5966b082cf9a028302ed4184","hash":"4a553ba3fbe42753a4b7d5f9b41e205919b1059f"}
}
