TN:
SF:/home/laboratoriad309/Documentos/SCL007-Social-Network/src/js/auth.js
FN:1,(anonymous_0)
FN:2,(anonymous_1)
FN:12,(anonymous_2)
FN:14,(anonymous_3)
FN:17,(anonymous_4)
FN:19,(anonymous_5)
FN:21,(anonymous_6)
FN:23,(anonymous_7)
FN:24,(anonymous_8)
FN:27,(anonymous_9)
FN:32,(anonymous_10)
FN:34,(anonymous_11)
FN:40,(anonymous_12)
FN:52,(anonymous_13)
FN:54,(anonymous_14)
FN:60,(anonymous_15)
FN:71,(anonymous_16)
FN:73,(anonymous_17)
FN:81,(anonymous_18)
FN:93,checkEmail
FN:95,(anonymous_20)
FN:99,(anonymous_21)
FNF:22
FNH:1
FNDA:0,(anonymous_0)
FNDA:0,(anonymous_1)
FNDA:1,(anonymous_2)
FNDA:0,(anonymous_3)
FNDA:0,(anonymous_4)
FNDA:0,(anonymous_5)
FNDA:0,(anonymous_6)
FNDA:0,(anonymous_7)
FNDA:0,(anonymous_8)
FNDA:0,(anonymous_9)
FNDA:0,(anonymous_10)
FNDA:0,(anonymous_11)
FNDA:0,(anonymous_12)
FNDA:0,(anonymous_13)
FNDA:0,(anonymous_14)
FNDA:0,(anonymous_15)
FNDA:0,(anonymous_16)
FNDA:0,(anonymous_17)
FNDA:0,(anonymous_18)
FNDA:0,checkEmail
FNDA:0,(anonymous_20)
FNDA:0,(anonymous_21)
DA:1,1
DA:2,0
DA:3,0
DA:4,0
DA:5,0
DA:7,0
DA:8,0
DA:12,1
DA:13,1
DA:15,0
DA:17,0
DA:19,1
DA:20,0
DA:21,0
DA:23,1
DA:24,0
DA:32,1
DA:33,0
DA:34,0
DA:36,0
DA:38,0
DA:42,0
DA:43,0
DA:45,0
DA:47,0
DA:52,1
DA:53,0
DA:54,0
DA:56,0
DA:58,0
DA:62,0
DA:63,0
DA:65,0
DA:67,0
DA:71,1
DA:72,0
DA:73,0
DA:76,0
DA:77,0
DA:79,0
DA:83,0
DA:84,0
DA:86,0
DA:88,0
DA:94,0
DA:97,0
DA:100,0
LF:47
LH:8
BRDA:3,0,0,0
BRDA:3,0,1,0
BRF:2
BRH:0
end_of_record
